<?xml version="1.0" encoding="UTF-8"?>
<!-- Generated by org.testng.reporters.JUnitReportReporter -->
<testsuite ignored="2" hostname="DESKTOP-AOUV5P7" failures="0" tests="1" name="CoolTesters.Selenium.HardAssert" time="11.325" errors="0" timestamp="03 oct. 2020 16:01:31 GMT" skipped="0">
  <testcase classname="CoolTesters.Selenium.HardAssert" name="verificarTituloDePaginaBoolean" time="11.325"/>
  <testcase classname="CoolTesters.Selenium.HardAssert" name="verificarTituloDePagina">
    <skipped/>
  </testcase> <!-- verificarTituloDePagina -->
  <testcase classname="CoolTesters.Selenium.HardAssert" name="assertEquals">
    <skipped/>
  </testcase> <!-- assertEquals -->
</testsuite> <!-- CoolTesters.Selenium.HardAssert -->
