<?xml version="1.0" encoding="UTF-8"?>
<!-- Generated by org.testng.reporters.JUnitReportReporter -->
<testsuite ignored="0" hostname="DESKTOP-AOUV5P7" failures="0" tests="1" name="loginTests.TC_01_CorrecLogin" time="9.270" errors="0" timestamp="16 oct. 2020 00:06:58 GMT" skipped="0">
  <testcase classname="loginTests.TC_01_CorrecLogin" name="TC_01" time="9.270"/>
</testsuite> <!-- loginTests.TC_01_CorrecLogin -->
