<?xml version="1.0" encoding="UTF-8"?>
<!-- Generated by org.testng.reporters.JUnitReportReporter -->
<testsuite ignored="0" hostname="DESKTOP-AOUV5P7" failures="0" tests="1" name="loginTests.TC_03_Logout" time="10.811" errors="0" timestamp="16 oct. 2020 00:06:58 GMT" skipped="0">
  <testcase classname="loginTests.TC_03_Logout" name="TC_03" time="10.811"/>
</testsuite> <!-- loginTests.TC_03_Logout -->
