<?xml version="1.0" encoding="UTF-8"?>
<!-- Generated by org.testng.reporters.JUnitReportReporter -->
<testsuite ignored="0" hostname="DESKTOP-AOUV5P7" failures="0" tests="1" name="CoolTesters.Selenium.AppTest" time="0.018" errors="0" timestamp="12 sep. 2020 14:20:09 GMT" skipped="0">
  <testcase classname="CoolTesters.Selenium.AppTest" name="shouldAnswerWithTrue" time="0.018"/>
</testsuite> <!-- CoolTesters.Selenium.AppTest -->
